timestamp: 2015-04-30T12:27:22.134941
CREATE TABLE auth_user(
    id INTEGER PRIMARY KEY AUTOINCREMENT,
    first_name CHAR(128),
    last_name CHAR(128),
    email CHAR(512),
    password CHAR(512),
    registration_key CHAR(512),
    reset_password_key CHAR(512),
    registration_id CHAR(512)
);
success!
timestamp: 2015-04-30T12:27:22.146745
CREATE TABLE auth_group(
    id INTEGER PRIMARY KEY AUTOINCREMENT,
    role CHAR(512),
    description TEXT
);
success!
timestamp: 2015-04-30T12:27:22.259198
CREATE TABLE auth_membership(
    id INTEGER PRIMARY KEY AUTOINCREMENT,
    user_id INTEGER REFERENCES auth_user (id) ON DELETE CASCADE,
    group_id INTEGER REFERENCES auth_group (id) ON DELETE CASCADE
);
success!
timestamp: 2015-04-30T12:27:22.874605
CREATE TABLE auth_permission(
    id INTEGER PRIMARY KEY AUTOINCREMENT,
    group_id INTEGER REFERENCES auth_group (id) ON DELETE CASCADE,
    name CHAR(512),
    table_name CHAR(512),
    record_id INTEGER
);
success!
timestamp: 2015-04-30T12:27:22.884763
CREATE TABLE auth_event(
    id INTEGER PRIMARY KEY AUTOINCREMENT,
    time_stamp TIMESTAMP,
    client_ip CHAR(512),
    user_id INTEGER REFERENCES auth_user (id) ON DELETE CASCADE,
    origin CHAR(512),
    description TEXT
);
success!
timestamp: 2015-04-30T12:27:22.894425
CREATE TABLE auth_cas(
    id INTEGER PRIMARY KEY AUTOINCREMENT,
    user_id INTEGER REFERENCES auth_user (id) ON DELETE CASCADE,
    created_on TIMESTAMP,
    service CHAR(512),
    ticket CHAR(512),
    renew CHAR(1)
);
success!
timestamp: 2015-04-30T12:43:22.096083
CREATE TABLE sms(
    id INTEGER PRIMARY KEY AUTOINCREMENT,
    num CHAR(512),
    body TEXT
);
success!
timestamp: 2015-04-30T13:21:11.886572
CREATE TABLE course(
    id INTEGER PRIMARY KEY AUTOINCREMENT,
    co_id INTEGER,
    name CHAR(512),
    name_eng CHAR(512),
    semseter CHAR(512),
    hug CHAR(512),
    lesson CHAR(512),
    points INTEGER,
    hours INTEGER,
    exam_type INTEGER
);
success!
success!
success!
success!
success!
timestamp: 2015-04-30T14:54:57.453574
ALTER TABLE course ADD var CHAR(512);
success!
